<?xml version="1.0" encoding="UTF-8"?>
<!-- Generated by org.testng.reporters.JUnitReportReporter -->
<testsuite hostname="EPAM001-04" name="com.epam.training.PaymentMachine.PaymentMachineTest" tests="16" failures="0" timestamp="12 May 2014 14:59:31 GMT" time="0.065" errors="1">
  <testcase name="testStartPayment" time="0.001" classname="com.epam.training.PaymentMachine.PaymentMachineTest"/>
  <testcase name="testHasNoOngoingPayment" time="0.002" classname="com.epam.training.PaymentMachine.PaymentMachineTest"/>
  <testcase name="testClosePayment" time="0.004" classname="com.epam.training.PaymentMachine.PaymentMachineTest"/>
  <testcase name="testGetActualPaymentTicket" time="0.001" classname="com.epam.training.PaymentMachine.PaymentMachineTest"/>
  <testcase name="testIsTicketAlreadyExists" time="0.001" classname="com.epam.training.PaymentMachine.PaymentMachineTest"/>
  <testcase name="testCancelPayment" time="0.002" classname="com.epam.training.PaymentMachine.PaymentMachineTest"/>
  <testcase name="testInvalidCoinValue" time="0.001" classname="com.epam.training.PaymentMachine.PaymentMachineTest"/>
  <testcase name="testExecutePayment" time="0.004" classname="com.epam.training.PaymentMachine.PaymentMachineTest">
    <error type="java.lang.AssertionError" message="expected [23325] but found [23500]">
      <![CDATA[java.lang.AssertionError: expected [23325] but found [23500]
	at org.testng.Assert.fail(Assert.java:94)
	at org.testng.Assert.failNotEquals(Assert.java:494)
	at org.testng.Assert.assertEquals(Assert.java:123)
	at org.testng.Assert.assertEquals(Assert.java:265)
	at org.testng.Assert.assertEquals(Assert.java:275)
	at com.epam.training.PaymentMachine.PaymentMachineTest.testExecutePayment(PaymentMachineTest.java:193)
	at sun.reflect.NativeMethodAccessorImpl.invoke0(Native Method)
	at sun.reflect.NativeMethodAccessorImpl.invoke(NativeMethodAccessorImpl.java:62)
	at sun.reflect.DelegatingMethodAccessorImpl.invoke(DelegatingMethodAccessorImpl.java:43)
	at java.lang.reflect.Method.invoke(Method.java:483)
	at org.testng.internal.MethodInvocationHelper.invokeMethod(MethodInvocationHelper.java:84)
	at org.testng.internal.Invoker.invokeMethod(Invoker.java:714)
	at org.testng.internal.Invoker.invokeTestMethod(Invoker.java:901)
	at org.testng.internal.Invoker.invokeTestMethods(Invoker.java:1231)
	at org.testng.internal.TestMethodWorker.invokeTestMethods(TestMethodWorker.java:127)
	at org.testng.internal.TestMethodWorker.run(TestMethodWorker.java:111)
	at org.testng.TestRunner.privateRun(TestRunner.java:767)
	at org.testng.TestRunner.run(TestRunner.java:617)
	at org.testng.SuiteRunner.runTest(SuiteRunner.java:334)
	at org.testng.SuiteRunner.runSequentially(SuiteRunner.java:329)
	at org.testng.SuiteRunner.privateRun(SuiteRunner.java:291)
	at org.testng.SuiteRunner.run(SuiteRunner.java:240)
	at org.testng.SuiteRunnerWorker.runSuite(SuiteRunnerWorker.java:52)
	at org.testng.SuiteRunnerWorker.run(SuiteRunnerWorker.java:86)
	at org.testng.TestNG.runSuitesSequentially(TestNG.java:1224)
	at org.testng.TestNG.runSuitesLocally(TestNG.java:1149)
	at org.testng.TestNG.run(TestNG.java:1057)
	at org.testng.remote.RemoteTestNG.run(RemoteTestNG.java:111)
	at org.testng.remote.RemoteTestNG.initAndRun(RemoteTestNG.java:204)
	at org.testng.remote.RemoteTestNG.main(RemoteTestNG.java:175)
]]>
    </error>
  </testcase> <!-- testExecutePayment -->
  <testcase name="testInvalidInitialAmount" time="0.002" classname="com.epam.training.PaymentMachine.PaymentMachineTest"/>
  <testcase name="testValidCoinValue" time="0.001" classname="com.epam.training.PaymentMachine.PaymentMachineTest"/>
  <testcase name="testHasOngoingPayment" time="0.005" classname="com.epam.training.PaymentMachine.PaymentMachineTest"/>
  <testcase name="testMachineHasAvailableCoins" time="0.001" classname="com.epam.training.PaymentMachine.PaymentMachineTest"/>
  <testcase name="testChangeAmount" time="0.021" classname="com.epam.training.PaymentMachine.PaymentMachineTest"/>
  <testcase name="testAddCoin" time="0.015" classname="com.epam.training.PaymentMachine.PaymentMachineTest"/>
  <testcase name="testInitialStoredAmount" time="0.003" classname="com.epam.training.PaymentMachine.PaymentMachineTest"/>
  <testcase name="testChangedAmount" time="0.001" classname="com.epam.training.PaymentMachine.PaymentMachineTest"/>
</testsuite> <!-- com.epam.training.PaymentMachine.PaymentMachineTest -->
